[2026-05-20 22:43:53] No jobs found on JobAdverts.
[2026-05-20 22:50:58] CURL ERROR: Could not resolve host: jobadverts.ug
[2026-05-20 22:50:58] Failed to fetch JobAdverts page.
[2026-05-20 22:50:59] CURL ERROR: Could not resolve host: jobadverts.ug
[2026-05-20 22:50:59] Failed to fetch JobAdverts page.
[2026-05-20 22:51:00] CURL ERROR: Could not resolve host: jobadverts.ug
[2026-05-20 22:51:00] Failed to fetch JobAdverts page.
[2026-05-20 22:51:01] CURL ERROR: Could not resolve host: jobadverts.ug
[2026-05-20 22:51:01] Failed to fetch JobAdverts page.
[2026-05-20 22:51:01] CURL ERROR: Could not resolve host: jobadverts.ug
[2026-05-20 22:51:01] Failed to fetch JobAdverts page.
[2026-05-20 23:28:56] MAIL ERROR: SMTP Error: Could not authenticate.
[2026-05-20 23:34:44] CURL ERROR: Could not resolve host: www.jobadverts.ug
[2026-05-20 23:34:44] Failed fetching page 1
[2026-05-20 23:34:44] CURL ERROR: Could not resolve host: www.jobadverts.ug
[2026-05-20 23:34:44] Failed fetching page 2
[2026-05-20 23:34:44] CURL ERROR: Could not resolve host: www.jobadverts.ug
[2026-05-20 23:34:44] Failed fetching page 3
[2026-05-20 23:36:53] CURL ERROR: Could not resolve host: www.jobadverts.ug
[2026-05-20 23:36:53] Failed fetching page 1
[2026-05-20 23:36:53] CURL ERROR: Could not resolve host: www.jobadverts.ug
[2026-05-20 23:36:53] Failed fetching page 2
[2026-05-20 23:36:53] CURL ERROR: Could not resolve host: www.jobadverts.ug
[2026-05-20 23:36:53] Failed fetching page 3
[2026-05-20 23:39:27] CURL ERROR: Could not resolve host: www.jobadverts.ug
[2026-05-20 23:39:27] Failed fetching page 1
[2026-05-20 23:39:27] CURL ERROR: Could not resolve host: www.jobadverts.ug
[2026-05-20 23:39:27] Failed fetching page 2
[2026-05-20 23:39:27] CURL ERROR: Could not resolve host: www.jobadverts.ug
[2026-05-20 23:39:27] Failed fetching page 3
[2026-05-20 23:39:30] CURL ERROR: Could not resolve host: www.jobadverts.ug
[2026-05-20 23:39:30] Failed fetching page 1
[2026-05-20 23:39:30] CURL ERROR: Could not resolve host: www.jobadverts.ug
[2026-05-20 23:39:30] Failed fetching page 2
[2026-05-20 23:39:30] CURL ERROR: Could not resolve host: www.jobadverts.ug
[2026-05-20 23:39:30] Failed fetching page 3
[2026-05-20 23:42:19] CURL ERROR: Could not resolve host: www.jobadverts.ug
[2026-05-20 23:42:19] Failed fetching page 1
[2026-05-20 23:42:19] CURL ERROR: Could not resolve host: www.jobadverts.ug
[2026-05-20 23:42:19] Failed fetching page 2
[2026-05-20 23:42:19] CURL ERROR: Could not resolve host: www.jobadverts.ug
[2026-05-20 23:42:19] Failed fetching page 3
[2026-05-20 23:42:26] CURL ERROR: Could not resolve host: www.jobadverts.ug
[2026-05-20 23:42:26] Failed fetching page 1
[2026-05-20 23:42:26] CURL ERROR: Could not resolve host: www.jobadverts.ug
[2026-05-20 23:42:26] Failed fetching page 2
[2026-05-20 23:42:26] CURL ERROR: Could not resolve host: www.jobadverts.ug
[2026-05-20 23:42:26] Failed fetching page 3
[2026-05-20 23:44:44] CURL ERROR: Could not resolve host: www.jobadverts.ug
[2026-05-20 23:44:44] Failed fetching page 1
[2026-05-20 23:44:44] CURL ERROR: Could not resolve host: www.jobadverts.ug
[2026-05-20 23:44:44] Failed fetching page 2
[2026-05-20 23:44:44] CURL ERROR: Could not resolve host: www.jobadverts.ug
[2026-05-20 23:44:44] Failed fetching page 3
[2026-05-20 23:45:21] CURL ERROR: Could not resolve host: www.jobadverts.ug
[2026-05-20 23:45:21] Failed fetching page 1
[2026-05-20 23:45:21] CURL ERROR: Could not resolve host: www.jobadverts.ug
[2026-05-20 23:45:21] Failed fetching page 2
[2026-05-20 23:45:21] CURL ERROR: Could not resolve host: www.jobadverts.ug
[2026-05-20 23:45:21] Failed fetching page 3
[2026-05-21 00:23:37] CURL ERROR: Could not resolve host: www.jobadverts.ug
[2026-05-21 00:23:37] Failed fetching page 1
[2026-05-21 00:23:37] CURL ERROR: Could not resolve host: www.jobadverts.ug
[2026-05-21 00:23:37] Failed fetching page 2
[2026-05-21 00:23:37] CURL ERROR: Could not resolve host: www.jobadverts.ug
[2026-05-21 00:23:37] Failed fetching page 3
[2026-05-21 00:24:56] CURL ERROR: Could not resolve host: www.jobadverts.ug
[2026-05-21 00:24:56] Failed fetching page 1
[2026-05-21 00:24:56] CURL ERROR: Could not resolve host: www.jobadverts.ug
[2026-05-21 00:24:56] Failed fetching page 2
[2026-05-21 00:24:56] CURL ERROR: Could not resolve host: www.jobadverts.ug
[2026-05-21 00:24:56] Failed fetching page 3
[2026-05-23 06:08:55] No jobs found on JobAdverts.
[2026-05-23 06:08:59] No jobs found on JobAdverts.
[2026-05-23 06:09:22] No jobs found on JobAdverts.
[2026-05-23 06:09:22] No jobs found on JobAdverts.
[2026-05-23 06:11:39] No jobs found on JobAdverts.
[2026-05-23 06:15:25] CURL ERROR: Failed to connect to jobadverts.ug port 443 after 2067 ms: Couldn't connect to server
[2026-05-23 06:15:25] Failed fetching page 3
[2026-05-23 15:45:31] CURL ERROR: Could not resolve host: www.jobadverts.ug
[2026-05-23 15:45:31] Failed fetching page 1
[2026-05-23 15:45:31] CURL ERROR: Could not resolve host: www.jobadverts.ug
[2026-05-23 15:45:31] Failed fetching page 2
[2026-05-23 15:45:31] CURL ERROR: Could not resolve host: www.jobadverts.ug
[2026-05-23 15:45:31] Failed fetching page 3
[2026-05-23 15:45:39] CURL ERROR: Could not resolve host: www.jobadverts.ug
[2026-05-23 15:45:39] Failed fetching page 1
[2026-05-23 15:45:39] CURL ERROR: Could not resolve host: www.jobadverts.ug
[2026-05-23 15:45:39] Failed fetching page 2
[2026-05-23 15:45:39] CURL ERROR: Could not resolve host: www.jobadverts.ug
[2026-05-23 15:45:39] Failed fetching page 3
[2026-05-23 15:45:40] CURL ERROR: Could not resolve host: www.jobadverts.ug
[2026-05-23 15:45:40] Failed fetching page 1
[2026-05-23 15:45:40] CURL ERROR: Could not resolve host: www.jobadverts.ug
[2026-05-23 15:45:40] Failed fetching page 2
[2026-05-23 15:45:40] CURL ERROR: Could not resolve host: www.jobadverts.ug
[2026-05-23 15:45:40] Failed fetching page 3
[2026-05-23 15:46:57] CURL ERROR: Could not resolve host: www.jobadverts.ug
[2026-05-23 15:46:57] Failed fetching page 1
[2026-05-23 15:46:57] CURL ERROR: Could not resolve host: www.jobadverts.ug
[2026-05-23 15:46:57] Failed fetching page 2
[2026-05-23 15:46:57] CURL ERROR: Could not resolve host: www.jobadverts.ug
[2026-05-23 15:46:57] Failed fetching page 3
[2026-05-23 15:47:03] CURL ERROR: Could not resolve host: www.jobadverts.ug
[2026-05-23 15:47:03] Failed fetching page 1
[2026-05-23 15:47:03] CURL ERROR: Could not resolve host: www.jobadverts.ug
[2026-05-23 15:47:03] Failed fetching page 2
[2026-05-23 15:47:03] CURL ERROR: Could not resolve host: www.jobadverts.ug
[2026-05-23 15:47:03] Failed fetching page 3
[2026-05-23 15:47:20] CURL ERROR: Could not resolve host: www.jobadverts.ug
[2026-05-23 15:47:21] Failed fetching page 1
[2026-05-23 15:47:21] CURL ERROR: Could not resolve host: www.jobadverts.ug
[2026-05-23 15:47:21] Failed fetching page 2
[2026-05-23 15:47:21] CURL ERROR: Could not resolve host: www.jobadverts.ug
[2026-05-23 15:47:21] Failed fetching page 3
[2026-05-23 15:47:25] CURL ERROR: Could not resolve host: www.jobadverts.ug
[2026-05-23 15:47:25] Failed fetching page 1
[2026-05-23 15:47:25] CURL ERROR: Could not resolve host: www.jobadverts.ug
[2026-05-23 15:47:25] Failed fetching page 2
[2026-05-23 15:47:25] CURL ERROR: Could not resolve host: www.jobadverts.ug
[2026-05-23 15:47:25] Failed fetching page 3
[2026-05-23 15:48:59] CURL ERROR: Could not resolve host: www.jobadverts.ug
[2026-05-23 15:48:59] Failed fetching page 1
[2026-05-23 15:48:59] CURL ERROR: Could not resolve host: www.jobadverts.ug
[2026-05-23 15:48:59] Failed fetching page 2
[2026-05-23 15:48:59] CURL ERROR: Could not resolve host: www.jobadverts.ug
[2026-05-23 15:48:59] Failed fetching page 3
[2026-05-23 15:49:00] CURL ERROR: Could not resolve host: www.jobadverts.ug
[2026-05-23 15:49:00] Failed fetching page 1
[2026-05-23 15:49:00] CURL ERROR: Could not resolve host: www.jobadverts.ug
[2026-05-23 15:49:00] Failed fetching page 2
[2026-05-23 15:49:00] CURL ERROR: Could not resolve host: www.jobadverts.ug
[2026-05-23 15:49:00] Failed fetching page 3
[2026-05-23 15:49:02] CURL ERROR: Could not resolve host: www.jobadverts.ug
[2026-05-23 15:49:02] Failed fetching page 1
[2026-05-23 15:49:02] CURL ERROR: Could not resolve host: www.jobadverts.ug
[2026-05-23 15:49:02] Failed fetching page 2
[2026-05-23 15:49:02] CURL ERROR: Could not resolve host: www.jobadverts.ug
[2026-05-23 15:49:02] Failed fetching page 3
[2026-05-23 15:49:05] CURL ERROR: Could not resolve host: www.jobadverts.ug
[2026-05-23 15:49:05] Failed fetching page 1
[2026-05-23 15:49:05] CURL ERROR: Could not resolve host: www.jobadverts.ug
[2026-05-23 15:49:05] Failed fetching page 2
[2026-05-23 15:49:05] CURL ERROR: Could not resolve host: www.jobadverts.ug
[2026-05-23 15:49:05] Failed fetching page 3
[2026-05-23 15:49:55] CURL ERROR: Could not resolve host: www.jobadverts.ug
[2026-05-23 15:49:55] Failed fetching page 1
[2026-05-23 15:49:55] CURL ERROR: Could not resolve host: www.jobadverts.ug
[2026-05-23 15:49:55] Failed fetching page 2
[2026-05-23 15:49:56] CURL ERROR: Could not resolve host: www.jobadverts.ug
[2026-05-23 15:49:56] Failed fetching page 3
[2026-05-23 15:49:57] CURL ERROR: Could not resolve host: www.jobadverts.ug
[2026-05-23 15:49:57] Failed fetching page 1
[2026-05-23 15:49:57] CURL ERROR: Could not resolve host: www.jobadverts.ug
[2026-05-23 15:49:57] Failed fetching page 2
[2026-05-23 15:49:57] CURL ERROR: Could not resolve host: www.jobadverts.ug
[2026-05-23 15:49:57] Failed fetching page 3
[2026-05-23 15:50:01] CURL ERROR: Could not resolve host: www.jobadverts.ug
[2026-05-23 15:50:01] Failed fetching page 1
[2026-05-23 15:50:01] CURL ERROR: Could not resolve host: www.jobadverts.ug
[2026-05-23 15:50:01] Failed fetching page 2
[2026-05-23 15:50:01] CURL ERROR: Could not resolve host: www.jobadverts.ug
[2026-05-23 15:50:01] Failed fetching page 3
[2026-05-23 15:50:03] CURL ERROR: Could not resolve host: www.jobadverts.ug
[2026-05-23 15:50:03] Failed fetching page 1
[2026-05-23 15:50:03] CURL ERROR: Could not resolve host: www.jobadverts.ug
[2026-05-23 15:50:03] Failed fetching page 2
[2026-05-23 15:50:03] CURL ERROR: Could not resolve host: www.jobadverts.ug
[2026-05-23 15:50:03] Failed fetching page 3
[2026-05-23 15:50:16] CURL ERROR: Could not resolve host: www.jobadverts.ug
[2026-05-23 15:50:16] Failed fetching page 1
[2026-05-23 15:50:16] CURL ERROR: Could not resolve host: www.jobadverts.ug
[2026-05-23 15:50:16] Failed fetching page 2
[2026-05-23 15:50:16] CURL ERROR: Could not resolve host: www.jobadverts.ug
[2026-05-23 15:50:16] Failed fetching page 3
[2026-05-23 15:50:23] CURL ERROR: Could not resolve host: www.jobadverts.ug
[2026-05-23 15:50:23] Failed fetching page 1
[2026-05-23 15:50:23] CURL ERROR: Could not resolve host: www.jobadverts.ug
[2026-05-23 15:50:23] Failed fetching page 2
[2026-05-23 15:50:23] CURL ERROR: Could not resolve host: www.jobadverts.ug
[2026-05-23 15:50:23] Failed fetching page 3
[2026-05-23 15:50:26] CURL ERROR: Could not resolve host: www.jobadverts.ug
[2026-05-23 15:50:26] Failed fetching page 1
[2026-05-23 15:50:26] CURL ERROR: Could not resolve host: www.jobadverts.ug
[2026-05-23 15:50:26] Failed fetching page 2
[2026-05-23 15:50:26] CURL ERROR: Could not resolve host: www.jobadverts.ug
[2026-05-23 15:50:26] Failed fetching page 3
[2026-05-23 15:51:50] CURL ERROR: Could not resolve host: www.jobadverts.ug
[2026-05-23 15:51:50] Failed fetching page 1
[2026-05-23 15:51:50] CURL ERROR: Could not resolve host: www.jobadverts.ug
[2026-05-23 15:51:50] Failed fetching page 2
[2026-05-23 15:51:50] CURL ERROR: Could not resolve host: www.jobadverts.ug
[2026-05-23 15:51:50] Failed fetching page 3
[2026-05-23 17:12:47] CURL ERROR: URL rejected: No host part in the URL
[2026-05-23 17:12:47] Failed fetching page 2
[2026-05-23 17:14:06] CURL ERROR: URL rejected: No host part in the URL
[2026-05-23 17:14:06] Failed fetching page 2
