[2026-05-20 22:43:53] No jobs found on JobAdverts.
[2026-05-20 22:50:58] CURL ERROR: Could not resolve host: jobadverts.ug
[2026-05-20 22:50:58] Failed to fetch JobAdverts page.
[2026-05-20 22:50:59] CURL ERROR: Could not resolve host: jobadverts.ug
[2026-05-20 22:50:59] Failed to fetch JobAdverts page.
[2026-05-20 22:51:00] CURL ERROR: Could not resolve host: jobadverts.ug
[2026-05-20 22:51:00] Failed to fetch JobAdverts page.
[2026-05-20 22:51:01] CURL ERROR: Could not resolve host: jobadverts.ug
[2026-05-20 22:51:01] Failed to fetch JobAdverts page.
[2026-05-20 22:51:01] CURL ERROR: Could not resolve host: jobadverts.ug
[2026-05-20 22:51:01] Failed to fetch JobAdverts page.
[2026-05-20 23:28:56] MAIL ERROR: SMTP Error: Could not authenticate.
[2026-05-20 23:34:44] CURL ERROR: Could not resolve host: www.jobadverts.ug
[2026-05-20 23:34:44] Failed fetching page 1
[2026-05-20 23:34:44] CURL ERROR: Could not resolve host: www.jobadverts.ug
[2026-05-20 23:34:44] Failed fetching page 2
[2026-05-20 23:34:44] CURL ERROR: Could not resolve host: www.jobadverts.ug
[2026-05-20 23:34:44] Failed fetching page 3
[2026-05-20 23:36:53] CURL ERROR: Could not resolve host: www.jobadverts.ug
[2026-05-20 23:36:53] Failed fetching page 1
[2026-05-20 23:36:53] CURL ERROR: Could not resolve host: www.jobadverts.ug
[2026-05-20 23:36:53] Failed fetching page 2
[2026-05-20 23:36:53] CURL ERROR: Could not resolve host: www.jobadverts.ug
[2026-05-20 23:36:53] Failed fetching page 3
[2026-05-20 23:39:27] CURL ERROR: Could not resolve host: www.jobadverts.ug
[2026-05-20 23:39:27] Failed fetching page 1
[2026-05-20 23:39:27] CURL ERROR: Could not resolve host: www.jobadverts.ug
[2026-05-20 23:39:27] Failed fetching page 2
[2026-05-20 23:39:27] CURL ERROR: Could not resolve host: www.jobadverts.ug
[2026-05-20 23:39:27] Failed fetching page 3
[2026-05-20 23:39:30] CURL ERROR: Could not resolve host: www.jobadverts.ug
[2026-05-20 23:39:30] Failed fetching page 1
[2026-05-20 23:39:30] CURL ERROR: Could not resolve host: www.jobadverts.ug
[2026-05-20 23:39:30] Failed fetching page 2
[2026-05-20 23:39:30] CURL ERROR: Could not resolve host: www.jobadverts.ug
[2026-05-20 23:39:30] Failed fetching page 3
[2026-05-20 23:42:19] CURL ERROR: Could not resolve host: www.jobadverts.ug
[2026-05-20 23:42:19] Failed fetching page 1
[2026-05-20 23:42:19] CURL ERROR: Could not resolve host: www.jobadverts.ug
[2026-05-20 23:42:19] Failed fetching page 2
[2026-05-20 23:42:19] CURL ERROR: Could not resolve host: www.jobadverts.ug
[2026-05-20 23:42:19] Failed fetching page 3
[2026-05-20 23:42:26] CURL ERROR: Could not resolve host: www.jobadverts.ug
[2026-05-20 23:42:26] Failed fetching page 1
[2026-05-20 23:42:26] CURL ERROR: Could not resolve host: www.jobadverts.ug
[2026-05-20 23:42:26] Failed fetching page 2
[2026-05-20 23:42:26] CURL ERROR: Could not resolve host: www.jobadverts.ug
[2026-05-20 23:42:26] Failed fetching page 3
[2026-05-20 23:44:44] CURL ERROR: Could not resolve host: www.jobadverts.ug
[2026-05-20 23:44:44] Failed fetching page 1
[2026-05-20 23:44:44] CURL ERROR: Could not resolve host: www.jobadverts.ug
[2026-05-20 23:44:44] Failed fetching page 2
[2026-05-20 23:44:44] CURL ERROR: Could not resolve host: www.jobadverts.ug
[2026-05-20 23:44:44] Failed fetching page 3
[2026-05-20 23:45:21] CURL ERROR: Could not resolve host: www.jobadverts.ug
[2026-05-20 23:45:21] Failed fetching page 1
[2026-05-20 23:45:21] CURL ERROR: Could not resolve host: www.jobadverts.ug
[2026-05-20 23:45:21] Failed fetching page 2
[2026-05-20 23:45:21] CURL ERROR: Could not resolve host: www.jobadverts.ug
[2026-05-20 23:45:21] Failed fetching page 3
[2026-05-21 00:23:37] CURL ERROR: Could not resolve host: www.jobadverts.ug
[2026-05-21 00:23:37] Failed fetching page 1
[2026-05-21 00:23:37] CURL ERROR: Could not resolve host: www.jobadverts.ug
[2026-05-21 00:23:37] Failed fetching page 2
[2026-05-21 00:23:37] CURL ERROR: Could not resolve host: www.jobadverts.ug
[2026-05-21 00:23:37] Failed fetching page 3
[2026-05-21 00:24:56] CURL ERROR: Could not resolve host: www.jobadverts.ug
[2026-05-21 00:24:56] Failed fetching page 1
[2026-05-21 00:24:56] CURL ERROR: Could not resolve host: www.jobadverts.ug
[2026-05-21 00:24:56] Failed fetching page 2
[2026-05-21 00:24:56] CURL ERROR: Could not resolve host: www.jobadverts.ug
[2026-05-21 00:24:56] Failed fetching page 3
